*** Starting uWSGI 2.0.17.1 (64bit) on [Wed Sep 12 14:30:45 2018] ***
compiled with version: 5.4.0 20160609 on 11 September 2018 09:47:18
os: Linux-4.15.0-34-generic #37~16.04.1-Ubuntu SMP Tue Aug 28 10:44:06 UTC 2018
nodename: hero
machine: x86_64
clock source: unix
detected number of CPU cores: 8
current working directory: /home/ccx/project/ccxshop-local/ccxshop
detected binary path: /home/ccx/project/ccxshop-local/env/bin/uwsgi
!!! no internal routing support, rebuild with pcre support !!!
chdir() to /home/ccx/project/ccxshop-local
*** WARNING: you are running uWSGI without its master process manager ***
your processes number limit is 13867
your memory page size is 4096 bytes
detected max file descriptor number: 1024
lock engine: pthread robust mutexes
thunder lock: disabled (you can enable it with --thunder-lock)
uwsgi socket 0 bound to TCP address 192.168.0.103:8081 fd 3
Python version: 2.7.12 (default, Dec  4 2017, 14:50:18)  [GCC 5.4.0 20160609]
*** Python threads support is disabled. You can enable it with --enable-threads ***
Python main interpreter initialized at 0x1e8b940
your server socket listen backlog is limited to 100 connections
your mercy for graceful operations on workers is 60 seconds
mapped 291616 bytes (284 KB) for 4 cores
*** Operational MODE: preforking ***
ImportError: No module named wsgi
unable to load app 0 (mountpoint='') (callable not found or import error)
*** no app loaded. going in full dynamic mode ***
*** uWSGI is running in multiple interpreter mode ***
spawned uWSGI worker 1 (pid: 8449, cores: 1)
spawned uWSGI worker 2 (pid: 8450, cores: 1)
spawned uWSGI worker 3 (pid: 8451, cores: 1)
spawned uWSGI worker 4 (pid: 8452, cores: 1)
--- no python application found, check your startup logs for errors ---
[pid: 8451|app: -1|req: -1/1] ::1 () {42 vars in 673 bytes} [Wed Sep 12 14:31:52 2018] GET / => generated 21 bytes in 0 msecs (HTTP/1.1 500) 2 headers in 83 bytes (0 switches on core 0)
--- no python application found, check your startup logs for errors ---
[pid: 8451|app: -1|req: -1/2] ::1 () {40 vars in 623 bytes} [Wed Sep 12 14:31:53 2018] GET /favicon.ico => generated 21 bytes in 0 msecs (HTTP/1.1 500) 2 headers in 83 bytes (0 switches on core 0)
--- no python application found, check your startup logs for errors ---
[pid: 8451|app: -1|req: -1/3] ::1 () {42 vars in 673 bytes} [Wed Sep 12 14:37:19 2018] GET / => generated 21 bytes in 0 msecs (HTTP/1.1 500) 2 headers in 83 bytes (0 switches on core 0)
--- no python application found, check your startup logs for errors ---
[pid: 8451|app: -1|req: -1/4] ::1 () {40 vars in 623 bytes} [Wed Sep 12 14:37:20 2018] GET /favicon.ico => generated 21 bytes in 0 msecs (HTTP/1.1 500) 2 headers in 83 bytes (0 switches on core 0)
--- no python application found, check your startup logs for errors ---
[pid: 8451|app: -1|req: -1/5] ::1 () {40 vars in 649 bytes} [Wed Sep 12 14:39:21 2018] GET / => generated 21 bytes in 0 msecs (HTTP/1.1 500) 2 headers in 83 bytes (0 switches on core 0)
--- no python application found, check your startup logs for errors ---
[pid: 8451|app: -1|req: -1/6] ::1 () {40 vars in 623 bytes} [Wed Sep 12 14:39:21 2018] GET /favicon.ico => generated 21 bytes in 0 msecs (HTTP/1.1 500) 2 headers in 83 bytes (0 switches on core 0)
--- no python application found, check your startup logs for errors ---
[pid: 8449|app: -1|req: -1/7] 192.168.0.104 () {44 vars in 807 bytes} [Wed Sep 12 14:42:15 2018] GET / => generated 21 bytes in 0 msecs (HTTP/1.1 500) 2 headers in 83 bytes (0 switches on core 0)
*** Starting uWSGI 2.0.17.1 (64bit) on [Wed Sep 12 14:43:59 2018] ***
compiled with version: 5.4.0 20160609 on 11 September 2018 09:47:18
os: Linux-4.15.0-34-generic #37~16.04.1-Ubuntu SMP Tue Aug 28 10:44:06 UTC 2018
nodename: hero
machine: x86_64
clock source: unix
detected number of CPU cores: 8
current working directory: /home/ccx/project/ccxshop-local/ccxshop
detected binary path: /home/ccx/project/ccxshop-local/env/bin/uwsgi
!!! no internal routing support, rebuild with pcre support !!!
chdir() to /home/ccx/project/ccxshop-local
*** WARNING: you are running uWSGI without its master process manager ***
your processes number limit is 13867
your memory page size is 4096 bytes
detected max file descriptor number: 1024
lock engine: pthread robust mutexes
thunder lock: disabled (you can enable it with --thunder-lock)
probably another instance of uWSGI is running on the same address (192.168.0.103:8081).
bind(): Address already in use [core/socket.c line 769]
*** Starting uWSGI 2.0.17.1 (64bit) on [Wed Sep 12 14:52:18 2018] ***
compiled with version: 5.4.0 20160609 on 11 September 2018 09:47:18
os: Linux-4.15.0-34-generic #37~16.04.1-Ubuntu SMP Tue Aug 28 10:44:06 UTC 2018
nodename: hero
machine: x86_64
clock source: unix
detected number of CPU cores: 8
current working directory: /home/ccx/project/ccxshop-local/ccxshop
detected binary path: /home/ccx/project/ccxshop-local/env/bin/uwsgi
!!! no internal routing support, rebuild with pcre support !!!
chdir() to /home/ccx/project/ccxshop-local
*** WARNING: you are running uWSGI without its master process manager ***
your processes number limit is 13867
your memory page size is 4096 bytes
detected max file descriptor number: 1024
lock engine: pthread robust mutexes
thunder lock: disabled (you can enable it with --thunder-lock)
uWSGI http bound on :8001 fd 3
spawned uWSGI http 1 (pid: 9383)
probably another instance of uWSGI is running on the same address (192.168.0.103:8081).
bind(): Address already in use [core/socket.c line 769]
--- no python application found, check your startup logs for errors ---
[pid: 8451|app: -1|req: -1/8] ::1 () {44 vars in 806 bytes} [Wed Sep 12 14:53:50 2018] GET / => generated 21 bytes in 0 msecs (HTTP/1.1 500) 2 headers in 83 bytes (0 switches on core 0)
--- no python application found, check your startup logs for errors ---
[pid: 8449|app: -1|req: -1/9] ::1 () {42 vars in 756 bytes} [Wed Sep 12 14:53:50 2018] GET /favicon.ico => generated 21 bytes in 0 msecs (HTTP/1.1 500) 2 headers in 83 bytes (0 switches on core 0)
--- no python application found, check your startup logs for errors ---
[pid: 8451|app: -1|req: -1/10] 192.168.0.103 () {42 vars in 792 bytes} [Wed Sep 12 14:53:56 2018] GET / => generated 21 bytes in 0 msecs (HTTP/1.1 500) 2 headers in 83 bytes (0 switches on core 0)
--- no python application found, check your startup logs for errors ---
[pid: 8449|app: -1|req: -1/11] 192.168.0.103 () {42 vars in 770 bytes} [Wed Sep 12 14:53:56 2018] GET /favicon.ico => generated 21 bytes in 0 msecs (HTTP/1.1 500) 2 headers in 83 bytes (0 switches on core 0)
--- no python application found, check your startup logs for errors ---
[pid: 8451|app: -1|req: -1/12] ::1 () {42 vars in 782 bytes} [Wed Sep 12 14:54:41 2018] GET / => generated 21 bytes in 0 msecs (HTTP/1.1 500) 2 headers in 83 bytes (0 switches on core 0)
--- no python application found, check your startup logs for errors ---
[pid: 8451|app: -1|req: -1/13] ::1 () {42 vars in 756 bytes} [Wed Sep 12 14:54:41 2018] GET /favicon.ico => generated 21 bytes in 0 msecs (HTTP/1.1 500) 2 headers in 83 bytes (0 switches on core 0)
--- no python application found, check your startup logs for errors ---
[pid: 8451|app: -1|req: -1/14] 192.168.0.104 () {42 vars in 674 bytes} [Wed Sep 12 15:00:04 2018] GET / => generated 21 bytes in 0 msecs (HTTP/1.1 500) 2 headers in 83 bytes (0 switches on core 0)
--- no python application found, check your startup logs for errors ---
[pid: 8450|app: -1|req: -1/15] ::1 () {44 vars in 806 bytes} [Wed Sep 12 15:16:15 2018] GET / => generated 21 bytes in 0 msecs (HTTP/1.1 500) 2 headers in 83 bytes (0 switches on core 0)
--- no python application found, check your startup logs for errors ---
[pid: 8449|app: -1|req: -1/16] ::1 () {42 vars in 756 bytes} [Wed Sep 12 15:16:15 2018] GET /favicon.ico => generated 21 bytes in 0 msecs (HTTP/1.1 500) 2 headers in 83 bytes (0 switches on core 0)
--- no python application found, check your startup logs for errors ---
[pid: 8451|app: -1|req: -1/17] ::1 () {44 vars in 806 bytes} [Wed Sep 12 15:26:54 2018] GET / => generated 21 bytes in 0 msecs (HTTP/1.1 500) 2 headers in 83 bytes (0 switches on core 0)
--- no python application found, check your startup logs for errors ---
[pid: 8451|app: -1|req: -1/18] ::1 () {42 vars in 756 bytes} [Wed Sep 12 15:26:54 2018] GET /favicon.ico => generated 21 bytes in 0 msecs (HTTP/1.1 500) 2 headers in 83 bytes (0 switches on core 0)
