*** Starting uWSGI 2.0.17.1 (64bit) on [Sat Sep 15 01:30:53 2018] ***
compiled with version: 5.4.0 20160609 on 11 September 2018 09:47:18
os: Linux-4.15.0-34-generic #37~16.04.1-Ubuntu SMP Tue Aug 28 10:44:06 UTC 2018
nodename: hero
machine: x86_64
clock source: unix
detected number of CPU cores: 8
current working directory: /home/ccx/project/ccxshop-local/ccxshop/ccxshop
writing pidfile to uwsgi.pid
detected binary path: /home/ccx/project/ccxshop-local/env/bin/uwsgi
!!! no internal routing support, rebuild with pcre support !!!
chdir() to /home/ccx/project/ccxshop-local/ccxshop
your processes number limit is 13867
your memory page size is 4096 bytes
detected max file descriptor number: 1024
lock engine: pthread robust mutexes
thunder lock: disabled (you can enable it with --thunder-lock)
uWSGI http bound on 127.0.0.1:8000 fd 4
uwsgi socket 0 bound to TCP address 127.0.0.1:37019 (port auto-assigned) fd 3
Python version: 2.7.12 (default, Dec  4 2017, 14:50:18)  [GCC 5.4.0 20160609]
Python main interpreter initialized at 0x25dc3a0
python threads support enabled
your server socket listen backlog is limited to 100 connections
your mercy for graceful operations on workers is 60 seconds
mapped 422064 bytes (412 KB) for 4 cores
*** Operational MODE: preforking+threaded ***
added /home/ccx/project/ccxshop-local/env/lib/python2.7/site-packages/ to pythonpath.
WSGI app 0 (mountpoint='') ready in 0 seconds on interpreter 0x25dc3a0 pid: 8220 (default app)
mountpoint  already configured. skip.
*** uWSGI is running in multiple interpreter mode ***
spawned uWSGI master process (pid: 8220)
spawned uWSGI worker 1 (pid: 8222, cores: 2)
spawned uWSGI worker 2 (pid: 8223, cores: 2)
spawned uWSGI http 1 (pid: 8224)
[pid: 8222|app: 0|req: 1/1] 127.0.0.1 () {38 vars in 737 bytes} [Fri Sep 14 17:31:01 2018] GET / => generated 9503 bytes in 279 msecs (HTTP/1.1 200) 5 headers in 153 bytes (1 switches on core 0)
[pid: 8222|app: 0|req: 2/2] 127.0.0.1 () {40 vars in 785 bytes} [Fri Sep 14 17:31:03 2018] GET /shop/ => generated 9780 bytes in 41 msecs (HTTP/1.1 200) 5 headers in 153 bytes (1 switches on core 1)
[pid: 8223|app: 0|req: 1/3] 127.0.0.1 () {40 vars in 790 bytes} [Fri Sep 14 17:31:05 2018] GET /goods => generated 79 bytes in 186 msecs (HTTP/1.1 404) 3 headers in 100 bytes (1 switches on core 0)
[pid: 8223|app: 0|req: 2/4] 127.0.0.1 () {40 vars in 802 bytes} [Fri Sep 14 17:31:09 2018] GET /shop/goods/ => generated 55034 bytes in 142 msecs (HTTP/1.1 200) 6 headers in 320 bytes (1 switches on core 1)
*** Starting uWSGI 2.0.17.1 (64bit) on [Sat Sep 15 01:31:33 2018] ***
compiled with version: 5.4.0 20160609 on 11 September 2018 09:47:18
os: Linux-4.15.0-34-generic #37~16.04.1-Ubuntu SMP Tue Aug 28 10:44:06 UTC 2018
nodename: hero
machine: x86_64
clock source: unix
detected number of CPU cores: 8
current working directory: /home/ccx/project/ccxshop-local/ccxshop/ccxshop
writing pidfile to uwsgi.pid
detected binary path: /home/ccx/project/ccxshop-local/env/bin/uwsgi
!!! no internal routing support, rebuild with pcre support !!!
chdir() to /home/ccx/project/ccxshop-local/ccxshop
your processes number limit is 13867
your memory page size is 4096 bytes
detected max file descriptor number: 1024
lock engine: pthread robust mutexes
thunder lock: disabled (you can enable it with --thunder-lock)
uWSGI http bound on 127.0.0.1:8000 fd 4
uwsgi socket 0 bound to TCP address 127.0.0.1:36993 (port auto-assigned) fd 3
Python version: 2.7.12 (default, Dec  4 2017, 14:50:18)  [GCC 5.4.0 20160609]
Python main interpreter initialized at 0x265e3a0
python threads support enabled
your server socket listen backlog is limited to 100 connections
your mercy for graceful operations on workers is 60 seconds
mapped 422064 bytes (412 KB) for 4 cores
*** Operational MODE: preforking+threaded ***
added /home/ccx/project/ccxshop-local/env/lib/python2.7/site-packages/ to pythonpath.
WSGI app 0 (mountpoint='') ready in 1 seconds on interpreter 0x265e3a0 pid: 8430 (default app)
mountpoint  already configured. skip.
*** uWSGI is running in multiple interpreter mode ***
spawned uWSGI master process (pid: 8430)
spawned uWSGI worker 1 (pid: 8433, cores: 2)
spawned uWSGI worker 2 (pid: 8434, cores: 2)
spawned uWSGI http 1 (pid: 8435)
[pid: 8433|app: 0|req: 1/1] 127.0.0.1 () {40 vars in 761 bytes} [Fri Sep 14 17:31:47 2018] GET / => generated 9503 bytes in 212 msecs (HTTP/1.1 200) 5 headers in 153 bytes (1 switches on core 0)
[pid: 8433|app: 0|req: 2/2] 127.0.0.1 () {40 vars in 785 bytes} [Fri Sep 14 17:31:50 2018] GET /shop/ => generated 9790 bytes in 42 msecs (HTTP/1.1 200) 5 headers in 153 bytes (1 switches on core 1)
[pid: 8434|app: 0|req: 1/3] 127.0.0.1 () {40 vars in 802 bytes} [Fri Sep 14 17:31:52 2018] GET /shop/goods/ => generated 55034 bytes in 303 msecs (HTTP/1.1 200) 6 headers in 320 bytes (1 switches on core 0)
gateway "uWSGI http 1" has been buried (pid: 8435)
...brutally killing workers...
Gracefully killing worker 1 (pid: 8433)...
Gracefully killing worker 2 (pid: 8434)...
worker 1 buried after 1 seconds
worker 2 buried after 1 seconds
binary reloading uWSGI...
chdir() to /home/ccx/project/ccxshop-local/ccxshop/ccxshop
closing all non-uwsgi socket fds > 2 (max_fd = 1024)...
found fd 3 mapped to socket 0 (127.0.0.1:36993)
running /home/ccx/project/ccxshop-local/env/bin/uwsgi
[uWSGI] getting INI configuration from uwsgi.ini
*** Starting uWSGI 2.0.17.1 (64bit) on [Fri Sep 14 17:32:21 2018] ***
compiled with version: 5.4.0 20160609 on 11 September 2018 09:47:18
os: Linux-4.15.0-34-generic #37~16.04.1-Ubuntu SMP Tue Aug 28 10:44:06 UTC 2018
nodename: hero
machine: x86_64
clock source: unix
detected number of CPU cores: 8
current working directory: /home/ccx/project/ccxshop-local/ccxshop/ccxshop
detected binary path: /home/ccx/project/ccxshop-local/env/bin/uwsgi
!!! no internal routing support, rebuild with pcre support !!!
chdir() to /home/ccx/project/ccxshop-local/ccxshop
your processes number limit is 13867
your memory page size is 4096 bytes
detected max file descriptor number: 1024
lock engine: pthread robust mutexes
thunder lock: disabled (you can enable it with --thunder-lock)
uWSGI http bound on 127.0.0.1:8000 fd 5
uwsgi socket 0 bound to TCP address 127.0.0.1:35589 (port auto-assigned) fd 4
Python version: 2.7.12 (default, Dec  4 2017, 14:50:18)  [GCC 5.4.0 20160609]
Python main interpreter initialized at 0x11680c0
python threads support enabled
your server socket listen backlog is limited to 100 connections
your mercy for graceful operations on workers is 60 seconds
mapped 422064 bytes (412 KB) for 4 cores
*** Operational MODE: preforking+threaded ***
added /home/ccx/project/ccxshop-local/env/lib/python2.7/site-packages/ to pythonpath.
WSGI app 0 (mountpoint='') ready in 1 seconds on interpreter 0x11680c0 pid: 8430 (default app)
mountpoint  already configured. skip.
*** uWSGI is running in multiple interpreter mode ***
gracefully (RE)spawned uWSGI master process (pid: 8430)
spawned uWSGI worker 1 (pid: 8796, cores: 2)
spawned uWSGI worker 2 (pid: 8797, cores: 2)
spawned uWSGI http 1 (pid: 8798)
